TN:
SF:/Users/hotoo/workbench/hotoo/pinyin/src/dict-zi-web.js
FNF:0
FNH:0
DA:1,1
LF:1
LH:1
BRF:0
BRH:0
end_of_record
TN:
SF:/Users/hotoo/workbench/hotoo/pinyin/src/phonetic-symbol.js
FNF:0
FNH:0
DA:2,1
LF:1
LH:1
BRF:0
BRH:0
end_of_record
TN:
SF:/Users/hotoo/workbench/hotoo/pinyin/src/pinyin.js
FN:14,buildPinyinCache
FN:79,extend
FN:95,toFixed
FN:109,(anonymous_4)
FN:114,(anonymous_5)
FN:131,single_pinyin
FN:164,phrases_pinyin
FN:168,(anonymous_8)
FN:171,(anonymous_9)
FN:189,pinyin
FN:235,initials
FNF:11
FNH:8
FNDA:1,buildPinyinCache
FNDA:120,extend
FNDA:190,toFixed
FNDA:37,(anonymous_4)
FNDA:37,(anonymous_5)
FNDA:150,single_pinyin
FNDA:0,phrases_pinyin
FNDA:0,(anonymous_8)
FNDA:0,(anonymous_9)
FNDA:120,pinyin
FNDA:38,initials
DA:2,1
DA:6,1
DA:7,1
DA:8,1
DA:14,1
DA:15,1
DA:16,1
DA:18,1
DA:19,1543
DA:20,1543
DA:21,3500
DA:22,3500
DA:23,3500
DA:25,0
DA:30,1
DA:33,1
DA:34,0
DA:35,0
DA:41,0
DA:44,0
DA:46,1
DA:51,1
DA:53,1
DA:54,1
DA:62,1
DA:63,1
DA:64,1
DA:65,27
DA:67,1
DA:68,1
DA:69,1
DA:79,1
DA:80,120
DA:81,120
DA:82,240
DA:83,180
DA:85,60
DA:88,120
DA:95,1
DA:96,190
DA:97,190
DA:99,38
DA:102,38
DA:103,38
DA:104,7
DA:106,38
DA:109,38
DA:110,37
DA:114,38
DA:116,37
DA:118,37
DA:120,38
DA:124,38
DA:131,1
DA:133,150
DA:134,150
DA:135,0
DA:138,150
DA:140,150
DA:142,150
DA:143,150
DA:144,75
DA:148,75
DA:149,75
DA:150,75
DA:151,115
DA:152,115
DA:153,94
DA:155,94
DA:157,75
DA:164,1
DA:165,0
DA:166,0
DA:168,0
DA:169,0
DA:170,0
DA:171,0
DA:172,0
DA:175,0
DA:179,0
DA:180,0
DA:183,0
DA:189,1
DA:191,120
DA:193,120
DA:195,120
DA:196,120
DA:197,120
DA:199,120
DA:201,360
DA:202,360
DA:204,360
DA:207,150
DA:208,0
DA:209,0
DA:212,150
DA:213,150
DA:215,0
DA:219,210
DA:224,120
DA:225,50
DA:226,50
DA:228,120
DA:235,1
DA:236,38
DA:237,451
DA:238,30
DA:241,8
DA:244,1
DA:245,1
DA:246,1
DA:247,1
DA:248,1
DA:250,1
LF:114
LH:94
BRDA:2,1,0,1
BRDA:2,1,1,1
BRDA:22,2,0,3500
BRDA:22,2,1,0
BRDA:33,3,0,0
BRDA:33,3,1,1
BRDA:82,4,0,180
BRDA:82,4,1,60
BRDA:97,5,0,38
BRDA:97,5,1,38
BRDA:97,5,2,38
BRDA:97,5,3,38
BRDA:97,5,4,38
BRDA:97,5,5,38
BRDA:103,6,0,7
BRDA:103,6,1,31
BRDA:133,7,0,0
BRDA:133,7,1,150
BRDA:134,8,0,0
BRDA:134,8,1,150
BRDA:140,9,0,0
BRDA:140,9,1,150
BRDA:143,10,0,75
BRDA:143,10,1,75
BRDA:152,11,0,21
BRDA:152,11,1,94
BRDA:166,12,0,0
BRDA:166,12,1,0
BRDA:170,13,0,0
BRDA:170,13,1,0
BRDA:191,14,0,0
BRDA:191,14,1,120
BRDA:193,15,0,120
BRDA:193,15,1,0
BRDA:195,16,0,0
BRDA:195,16,1,120
BRDA:204,17,0,150
BRDA:204,17,1,210
BRDA:207,18,0,0
BRDA:207,18,1,150
BRDA:212,19,0,150
BRDA:212,19,1,0
BRDA:224,20,0,50
BRDA:224,20,1,70
BRDA:237,21,0,30
BRDA:237,21,1,421
BRF:46
BRH:32
end_of_record
